This is pdfTeX, Version 3.14159265-2.6-1.40.21 (TeX Live 2020/W32TeX) (preloaded format=pdflatex 2020.11.3)  13 JAN 2021 15:43
entering extended mode
 restricted \write18 enabled.
 %&-line parsing enabled.
**chapter1.tex
(./chapter1.tex
LaTeX2e <2020-02-02> patch level 5
L3 programming layer <2020-03-06>
! Undefined control sequence.
l.1 \chapter
            {GI·ªöI THI·ªÜU ƒê·ªÄ T√ÄI}
The control sequence at the end of the top line
of your error message was never \def'ed. If you have
misspelled it (e.g., `\hobx'), type `I' and the correct
spelling (e.g., `I\hbox'). Otherwise just continue,
and I'll forget about whatever was undefined.


! LaTeX Error: Missing \begin{document}.

See the LaTeX manual or LaTeX Companion for explanation.
Type  H <return>  for immediate help.
 ...                                              
                                                  
l.1 \chapter{G
              I·ªöI THI·ªÜU ƒê·ªÄ T√ÄI}
You're in trouble here.  Try typing  <return>  to proceed.
If that doesn't work, type  X <return>  to quit.

Missing character: There is no G in font nullfont!
Missing character: There is no I in font nullfont!

! Package inputenc Error: Unicode character ·ªö (U+1EDA)
(inputenc)                not set up for use with LaTeX.

See the inputenc package documentation for explanation.
Type  H <return>  for immediate help.
 ...                                              
                                                  
l.1 \chapter{GI·ªö
                  I THI·ªÜU ƒê·ªÄ T√ÄI}
You may provide a definition with
\DeclareUnicodeCharacter 

Missing character: There is no I in font nullfont!
Missing character: There is no T in font nullfont!
Missing character: There is no H in font nullfont!
Missing character: There is no I in font nullfont!

! Package inputenc Error: Unicode character ·ªÜ (U+1EC6)
(inputenc)                not set up for use with LaTeX.

See the inputenc package documentation for explanation.
Type  H <return>  for immediate help.
 ...                                              
                                                  
l.1 \chapter{GI·ªöI THI·ªÜ
                          U ƒê·ªÄ T√ÄI}
You may provide a definition with
\DeclareUnicodeCharacter 

Missing character: There is no U in font nullfont!

! LaTeX Error: Command \DJ unavailable in encoding .

See the LaTeX manual or LaTeX Companion for explanation.
Type  H <return>  for immediate help.
 ...                                              
                                                  
l.1 \chapter{GI·ªöI THI·ªÜU ƒê
                              ·ªÄ T√ÄI}
Your command was ignored.
Type  I <command> <return>  to replace it with another command,
or  <return>  to continue without it.


! Package inputenc Error: Unicode character ·ªÄ (U+1EC0)
(inputenc)                not set up for use with LaTeX.

See the inputenc package documentation for explanation.
Type  H <return>  for immediate help.
 ...                                              
                                                  
l.1 \chapter{GI·ªöI THI·ªÜU ƒê·ªÄ
                                  T√ÄI}
You may provide a definition with
\DeclareUnicodeCharacter 

Missing character: There is no T in font nullfont!
LaTeX Font Info:    Trying to load font information for +cmr on input line 1.
LaTeX Font Info:    No file cmr.fd. on input line 1.

LaTeX Font Warning: Font shape `/cmr/m/n' undefined
(Font)              using `/cmr/m/n' instead on input line 1.

! Corrupted NFSS tables.
wrong@fontshape ...message {Corrupted NFSS tables}
                                                  error@fontshape else let f...
l.1 \chapter{GI·ªöI THI·ªÜU ƒê·ªÄ T√Ä
                                     I}
This error message was generated by an \errmessage
command, so I can't give any explicit help.
Pretend that you're Hercule Poirot: Examine all clues,
and deduce the truth by order and method.


LaTeX Font Warning: Font shape `/cmr/m/n' undefined
(Font)              using `OT1/cmr/m/n' instead on input line 1.

Missing character: There is no I in font nullfont!
! Undefined control sequence.
l.2 \section
            {B·ªánh x∆° ph·ªïi v√† v·∫•n ƒë·ªÅ d·ª± ƒëo√°n b·ªánh x∆° ph·ªïi }
The control sequence at the end of the top line
of your error message was never \def'ed. If you have
misspelled it (e.g., `\hobx'), type `I' and the correct
spelling (e.g., `I\hbox'). Otherwise just continue,
and I'll forget about whatever was undefined.

Missing character: There is no B in font nullfont!

! Package inputenc Error: Unicode character ·ªá (U+1EC7)
(inputenc)                not set up for use with LaTeX.

See the inputenc package documentation for explanation.
Type  H <return>  for immediate help.
 ...                                              
                                                  
l.2 \section{B·ªá
                 nh x∆° ph·ªïi v√† v·∫•n ƒë·ªÅ d·ª± ƒëo√°n b·ªánh x∆° ph·ªïi }
You may provide a definition with
\DeclareUnicodeCharacter 

Missing character: There is no n in font nullfont!
Missing character: There is no h in font nullfont!
Missing character: There is no x in font nullfont!

! Package inputenc Error: Unicode character ∆° (U+01A1)
(inputenc)                not set up for use with LaTeX.

See the inputenc package documentation for explanation.
Type  H <return>  for immediate help.
 ...                                              
                                                  
l.2 \section{B·ªánh x∆°
                        ph·ªïi v√† v·∫•n ƒë·ªÅ d·ª± ƒëo√°n b·ªánh x∆° ph·ªïi }
You may provide a definition with
\DeclareUnicodeCharacter 

Missing character: There is no p in font nullfont!
Missing character: There is no h in font nullfont!

! Package inputenc Error: Unicode character ·ªï (U+1ED5)
(inputenc)                not set up for use with LaTeX.

See the inputenc package documentation for explanation.
Type  H <return>  for immediate help.
 ...                                              
                                                  
l.2 \section{B·ªánh x∆° ph·ªï
                             i v√† v·∫•n ƒë·ªÅ d·ª± ƒëo√°n b·ªánh x∆° ph·ªïi }
You may provide a definition with
\DeclareUnicodeCharacter 

Missing character: There is no i in font nullfont!
Missing character: There is no v in font nullfont!
Missing character: There is no v in font nullfont!

! Package inputenc Error: Unicode character ·∫• (U+1EA5)
(inputenc)                not set up for use with LaTeX.

See the inputenc package documentation for explanation.
Type  H <return>  for immediate help.
 ...                                              
                                                  
l.2 \section{B·ªánh x∆° ph·ªïi v√† v·∫•
                                       n ƒë·ªÅ d·ª± ƒëo√°n b·ªánh x∆° ph·ªïi }
You may provide a definition with
\DeclareUnicodeCharacter 

Missing character: There is no n in font nullfont!

! LaTeX Error: Command \dj unavailable in encoding .

See the LaTeX manual or LaTeX Companion for explanation.
Type  H <return>  for immediate help.
 ...                                              
                                                  
l.2 \section{B·ªánh x∆° ph·ªïi v√† v·∫•n ƒë
                                           ·ªÅ d·ª± ƒëo√°n b·ªánh x∆° ph·ªïi }
Your command was ignored.
Type  I <command> <return>  to replace it with another command,
or  <return>  to continue without it.


! Package inputenc Error: Unicode character ·ªÅ (U+1EC1)
(inputenc)                not set up for use with LaTeX.

See the inputenc package documentation for explanation.
Type  H <return>  for immediate help.
 ...                                              
                                                  
l.2 \section{B·ªánh x∆° ph·ªïi v√† v·∫•n ƒë·ªÅ
                                               d·ª± ƒëo√°n b·ªánh x∆° ph·ªïi }
You may provide a definition with
\DeclareUnicodeCharacter 

Missing character: There is no d in font nullfont!

! Package inputenc Error: Unicode character ·ª± (U+1EF1)
(inputenc)                not set up for use with LaTeX.

See the inputenc package documentation for explanation.
Type  H <return>  for immediate help.
 ...                                              
                                                  
l.2 ...tion{B·ªánh x∆° ph·ªïi v√† v·∫•n ƒë·ªÅ d·ª±
                                                   ƒëo√°n b·ªánh x∆° ph·ªïi }
You may provide a definition with
\DeclareUnicodeCharacter 


! LaTeX Error: Command \dj unavailable in encoding .

See the LaTeX manual or LaTeX Companion for explanation.
Type  H <return>  for immediate help.
 ...                                              
                                                  
l.2 ...n{B·ªánh x∆° ph·ªïi v√† v·∫•n ƒë·ªÅ d·ª± ƒë
                                                  o√°n b·ªánh x∆° ph·ªïi }
Your command was ignored.
Type  I <command> <return>  to replace it with another command,
or  <return>  to continue without it.

Missing character: There is no o in font nullfont!
Missing character: There is no n in font nullfont!
Missing character: There is no b in font nullfont!

! Package inputenc Error: Unicode character ·ªá (U+1EC7)
(inputenc)                not set up for use with LaTeX.

See the inputenc package documentation for explanation.
Type  H <return>  for immediate help.
 ...                                              
                                                  
l.2 ...x∆° ph·ªïi v√† v·∫•n ƒë·ªÅ d·ª± ƒëo√°n b·ªá
                                                  nh x∆° ph·ªïi }
You may provide a definition with
\DeclareUnicodeCharacter 

Missing character: There is no n in font nullfont!
Missing character: There is no h in font nullfont!
Missing character: There is no x in font nullfont!

! Package inputenc Error: Unicode character ∆° (U+01A1)
(inputenc)                not set up for use with LaTeX.

See the inputenc package documentation for explanation.
Type  H <return>  for immediate help.
 ...                                              
                                                  
l.2 ...·ªïi v√† v·∫•n ƒë·ªÅ d·ª± ƒëo√°n b·ªánh x∆°
                                                   ph·ªïi }
You may provide a definition with
\DeclareUnicodeCharacter 

Missing character: There is no p in font nullfont!
Missing character: There is no h in font nullfont!

! Package inputenc Error: Unicode character ·ªï (U+1ED5)
(inputenc)                not set up for use with LaTeX.

See the inputenc package documentation for explanation.
Type  H <return>  for immediate help.
 ...                                              
                                                  
l.2 ...√† v·∫•n ƒë·ªÅ d·ª± ƒëo√°n b·ªánh x∆° ph·ªï
                                                  i }
You may provide a definition with
\DeclareUnicodeCharacter 

Missing character: There is no i in font nullfont!
Missing character: There is no X in font nullfont!

! Package inputenc Error: Unicode character ∆° (U+01A1)
(inputenc)                not set up for use with LaTeX.

See the inputenc package documentation for explanation.
Type  H <return>  for immediate help.
 ...                                              
                                                  
l.3 X∆°
        ph·ªïi l√† b·ªánh g√¢y s·∫πo ·ªü ph·ªïi v√† x∆° v√¥i ph·ªïi. X∆° c√≥...

You may provide a definition with
\DeclareUnicodeCharacter 

Missing character: There is no p in font nullfont!
Missing character: There is no h in font nullfont!

! Package inputenc Error: Unicode character ·ªï (U+1ED5)
(inputenc)                not set up for use with LaTeX.

See the inputenc package documentation for explanation.
Type  H <return>  for immediate help.
 ...                                              
                                                  
l.3 X∆° ph·ªï
             i l√† b·ªánh g√¢y s·∫πo ·ªü ph·ªïi v√† x∆° v√¥i ph·ªïi. X∆° c√≥...

You may provide a definition with
\DeclareUnicodeCharacter 

Missing character: There is no i in font nullfont!
Missing character: There is no l in font nullfont!
Missing character: There is no b in font nullfont!

! Package inputenc Error: Unicode character ·ªá (U+1EC7)
(inputenc)                not set up for use with LaTeX.

See the inputenc package documentation for explanation.
Type  H <return>  for immediate help.
 ...                                              
                                                  
l.3 X∆° ph·ªïi l√† b·ªá
                       nh g√¢y s·∫πo ·ªü ph·ªïi v√† x∆° v√¥i ph·ªïi. X∆° c√≥...

You may provide a definition with
\DeclareUnicodeCharacter 

Missing character: There is no n in font nullfont!
Missing character: There is no h in font nullfont!
Missing character: There is no g in font nullfont!
Missing character: There is no y in font nullfont!
Missing character: There is no s in font nullfont!

! Package inputenc Error: Unicode character ·∫π (U+1EB9)
(inputenc)                not set up for use with LaTeX.

See the inputenc package documentation for explanation.
Type  H <return>  for immediate help.
 ...                                              
                                                  
l.3 X∆° ph·ªïi l√† b·ªánh g√¢y s·∫π
                                   o ·ªü ph·ªïi v√† x∆° v√¥i ph·ªïi. X∆° c√≥...

You may provide a definition with
\DeclareUnicodeCharacter 

Missing character: There is no o in font nullfont!

! Package inputenc Error: Unicode character ·ªü (U+1EDF)
(inputenc)                not set up for use with LaTeX.

See the inputenc package documentation for explanation.
Type  H <return>  for immediate help.
 ...                                              
                                                  
l.3 X∆° ph·ªïi l√† b·ªánh g√¢y s·∫πo ·ªü
                                         ph·ªïi v√† x∆° v√¥i ph·ªïi. X∆° c√≥...

You may provide a definition with
\DeclareUnicodeCharacter 

Missing character: There is no p in font nullfont!
Missing character: There is no h in font nullfont!

! Package inputenc Error: Unicode character ·ªï (U+1ED5)
(inputenc)                not set up for use with LaTeX.

See the inputenc package documentation for explanation.
Type  H <return>  for immediate help.
 ...                                              
                                                  
l.3 X∆° ph·ªïi l√† b·ªánh g√¢y s·∫πo ·ªü ph·ªï
                                              i v√† x∆° v√¥i ph·ªïi. X∆° c√≥...

You may provide a definition with
\DeclareUnicodeCharacter 

Missing character: There is no i in font nullfont!
Missing character: There is no v in font nullfont!
Missing character: There is no x in font nullfont!

! Package inputenc Error: Unicode character ∆° (U+01A1)
(inputenc)                not set up for use with LaTeX.

See the inputenc package documentation for explanation.
Type  H <return>  for immediate help.
 ...                                              
                                                  
l.3 ...ïi l√† b·ªánh g√¢y s·∫πo ·ªü ph·ªïi v√† x∆°
                                                   v√¥i ph·ªïi. X∆° c√≥ th·ª...

You may provide a definition with
\DeclareUnicodeCharacter 

Missing character: There is no v in font nullfont!
Missing character: There is no i in font nullfont!
Missing character: There is no p in font nullfont!
Missing character: There is no h in font nullfont!

! Package inputenc Error: Unicode character ·ªï (U+1ED5)
(inputenc)                not set up for use with LaTeX.

See the inputenc package documentation for explanation.
Type  H <return>  for immediate help.
 ...                                              
                                                  
l.3 ...nh g√¢y s·∫πo ·ªü ph·ªïi v√† x∆° v√¥i ph·ªï
                                                  i. X∆° c√≥ th·ªÉ ph√° h·ªß...

You may provide a definition with
\DeclareUnicodeCharacter 

Missing character: There is no i in font nullfont!
Missing character: There is no . in font nullfont!
Missing character: There is no X in font nullfont!

! Package inputenc Error: Unicode character ∆° (U+01A1)
(inputenc)                not set up for use with LaTeX.

See the inputenc package documentation for explanation.
Type  H <return>  for immediate help.
 ...                                              
                                                  
l.3 ...y s·∫πo ·ªü ph·ªïi v√† x∆° v√¥i ph·ªïi. X∆°
                                                   c√≥ th·ªÉ ph√° h·ªßy ph·ª...

You may provide a definition with
\DeclareUnicodeCharacter 

Missing character: There is no c in font nullfont!
Missing character: There is no t in font nullfont!
Missing character: There is no h in font nullfont!

! Package inputenc Error: Unicode character ·ªÉ (U+1EC3)
(inputenc)                not set up for use with LaTeX.

See the inputenc package documentation for explanation.
Type  H <return>  for immediate help.
 ...                                              
                                                  
l.3 ...ü ph·ªïi v√† x∆° v√¥i ph·ªïi. X∆° c√≥ th·ªÉ
                                                   ph√° h·ªßy ph·ªïi b√¨nh t...

You may provide a definition with
\DeclareUnicodeCharacter 

Missing character: There is no p in font nullfont!
Missing character: There is no h in font nullfont!
Missing character: There is no h in font nullfont!

! Package inputenc Error: Unicode character ·ªß (U+1EE7)
(inputenc)                not set up for use with LaTeX.

See the inputenc package documentation for explanation.
Type  H <return>  for immediate help.
 ...                                              
                                                  
l.3 ...√† x∆° v√¥i ph·ªïi. X∆° c√≥ th·ªÉ ph√° h·ªß
                                                  y ph·ªïi b√¨nh th∆∞·ªùng v...

You may provide a definition with
\DeclareUnicodeCharacter 

Missing character: There is no y in font nullfont!
Missing character: There is no p in font nullfont!
Missing character: There is no h in font nullfont!

! Package inputenc Error: Unicode character ·ªï (U+1ED5)
(inputenc)                not set up for use with LaTeX.

See the inputenc package documentation for explanation.
Type  H <return>  for immediate help.
 ...                                              
                                                  
l.3 ...v√¥i ph·ªïi. X∆° c√≥ th·ªÉ ph√° h·ªßy ph·ªï
                                                  i b√¨nh th∆∞·ªùng v√† khi·...

You may provide a definition with
\DeclareUnicodeCharacter 

Missing character: There is no i in font nullfont!
Missing character: There is no b in font nullfont!
Missing character: There is no n in font nullfont!
Missing character: There is no h in font nullfont!
Missing character: There is no t in font nullfont!
Missing character: There is no h in font nullfont!

! Package inputenc Error: Unicode character ∆∞ (U+01B0)
(inputenc)                not set up for use with LaTeX.

See the inputenc package documentation for explanation.
Type  H <return>  for immediate help.
 ...                                              
                                                  
l.3 ... X∆° c√≥ th·ªÉ ph√° h·ªßy ph·ªïi b√¨nh th∆∞
                                                  ·ªùng v√† khi·∫øn Oxy kh√≥...

You may provide a definition with
\DeclareUnicodeCharacter 


! Package inputenc Error: Unicode character ·ªù (U+1EDD)
(inputenc)                not set up for use with LaTeX.

See the inputenc package documentation for explanation.
Type  H <return>  for immediate help.
 ...                                              
                                                  
l.3 ...° c√≥ th·ªÉ ph√° h·ªßy ph·ªïi b√¨nh th∆∞·ªù
                                                  ng v√† khi·∫øn Oxy kh√≥ ƒë...

You may provide a definition with
\DeclareUnicodeCharacter 

Missing character: There is no n in font nullfont!
Missing character: There is no g in font nullfont!
Missing character: There is no v in font nullfont!
Missing character: There is no k in font nullfont!
Missing character: There is no h in font nullfont!
Missing character: There is no i in font nullfont!

! Package inputenc Error: Unicode character ·∫ø (U+1EBF)
(inputenc)                not set up for use with LaTeX.

See the inputenc package documentation for explanation.
Type  H <return>  for immediate help.
 ...                                              
                                                  
l.3 ...h√° h·ªßy ph·ªïi b√¨nh th∆∞·ªùng v√† khi·∫ø
                                                  n Oxy kh√≥ ƒëi v√†o m√°u. ...

You may provide a definition with
\DeclareUnicodeCharacter 

Missing character: There is no n in font nullfont!
Missing character: There is no O in font nullfont!
Missing character: There is no x in font nullfont!
Missing character: There is no y in font nullfont!
Missing character: There is no k in font nullfont!
Missing character: There is no h in font nullfont!

! LaTeX Error: Command \dj unavailable in encoding .

See the LaTeX manual or LaTeX Companion for explanation.
Type  H <return>  for immediate help.
 ...                                              
                                                  
l.3 ...ªïi b√¨nh th∆∞·ªùng v√† khi·∫øn Oxy kh√≥ ƒë
                                                  i v√†o m√°u. Khi c∆° th·ªÉ...

Your command was ignored.
Type  I <command> <return>  to replace it with another command,
or  <return>  to continue without it.

Missing character: There is no i in font nullfont!
Missing character: There is no v in font nullfont!
Missing character: There is no o in font nullfont!
Missing character: There is no m in font nullfont!
Missing character: There is no u in font nullfont!
Missing character: There is no . in font nullfont!
Missing character: There is no K in font nullfont!
Missing character: There is no h in font nullfont!
Missing character: There is no i in font nullfont!
Missing character: There is no c in font nullfont!

! Package inputenc Error: Unicode character ∆° (U+01A1)
(inputenc)                not set up for use with LaTeX.

See the inputenc package documentation for explanation.
Type  H <return>  for immediate help.
 ...                                              
                                                  
l.3 ...v√† khi·∫øn Oxy kh√≥ ƒëi v√†o m√°u. Khi c∆°
                                                   th·ªÉ thi·∫øu Oxy, c√°c h...

You may provide a definition with
\DeclareUnicodeCharacter 

Missing character: There is no t in font nullfont!
Missing character: There is no h in font nullfont!

! Package inputenc Error: Unicode character ·ªÉ (U+1EC3)
(inputenc)                not set up for use with LaTeX.

See the inputenc package documentation for explanation.
Type  H <return>  for immediate help.
 ...                                              
                                                  
l.3 ...i·∫øn Oxy kh√≥ ƒëi v√†o m√°u. Khi c∆° th·ªÉ
                                                   thi·∫øu Oxy, c√°c ho·∫°t ...

You may provide a definition with
\DeclareUnicodeCharacter 

Missing character: There is no t in font nullfont!
Missing character: There is no h in font nullfont!
Missing character: There is no i in font nullfont!

! Package inputenc Error: Unicode character ·∫ø (U+1EBF)
(inputenc)                not set up for use with LaTeX.

See the inputenc package documentation for explanation.
Type  H <return>  for immediate help.
 ...                                              
                                                  
l.3 ...xy kh√≥ ƒëi v√†o m√°u. Khi c∆° th·ªÉ thi·∫ø
                                                  u Oxy, c√°c ho·∫°t ƒë·ªông...

You may provide a definition with
\DeclareUnicodeCharacter 

Missing character: There is no u in font nullfont!
Missing character: There is no O in font nullfont!
Missing character: There is no x in font nullfont!
Missing character: There is no y in font nullfont!
Missing character: There is no , in font nullfont!
Missing character: There is no c in font nullfont!
Missing character: There is no c in font nullfont!
Missing character: There is no h in font nullfont!
Missing character: There is no o in font nullfont!

! Package inputenc Error: Unicode character ·∫° (U+1EA1)
(inputenc)                not set up for use with LaTeX.

See the inputenc package documentation for explanation.
Type  H <return>  for immediate help.
 ...                                              
                                                  
l.3 ...m√°u. Khi c∆° th·ªÉ thi·∫øu Oxy, c√°c ho·∫°
                                                  t ƒë·ªông kh√°c b·ªã ·∫£nh...

You may provide a definition with
\DeclareUnicodeCharacter 

Missing character: There is no t in font nullfont!

! LaTeX Error: Command \dj unavailable in encoding .

See the LaTeX manual or LaTeX Companion for explanation.
Type  H <return>  for immediate help.
 ...                                              
                                                  
l.3 .... Khi c∆° th·ªÉ thi·∫øu Oxy, c√°c ho·∫°t ƒë
                                                  ·ªông kh√°c b·ªã ·∫£nh h∆∞...

Your command was ignored.
Type  I <command> <return>  to replace it with another command,
or  <return>  to continue without it.


! Package inputenc Error: Unicode character ·ªô (U+1ED9)
(inputenc)                not set up for use with LaTeX.

See the inputenc package documentation for explanation.
Type  H <return>  for immediate help.
 ...                                              
                                                  
l.3 ...hi c∆° th·ªÉ thi·∫øu Oxy, c√°c ho·∫°t ƒë·ªô
                                                  ng kh√°c b·ªã ·∫£nh h∆∞·ªü...

You may provide a definition with
\DeclareUnicodeCharacter 

Missing character: There is no n in font nullfont!
Missing character: There is no g in font nullfont!
Missing character: There is no k in font nullfont!
Missing character: There is no h in font nullfont!
Missing character: There is no c in font nullfont!
Missing character: There is no b in font nullfont!

! Package inputenc Error: Unicode character ·ªã (U+1ECB)
(inputenc)                not set up for use with LaTeX.

See the inputenc package documentation for explanation.
Type  H <return>  for immediate help.
 ...                                              
                                                  
l.3 ...thi·∫øu Oxy, c√°c ho·∫°t ƒë·ªông kh√°c b·ªã
                                                   ·∫£nh h∆∞·ªüng nghi√™m tr...

You may provide a definition with
\DeclareUnicodeCharacter 


! Package inputenc Error: Unicode character ·∫£ (U+1EA3)
(inputenc)                not set up for use with LaTeX.

See the inputenc package documentation for explanation.
Type  H <return>  for immediate help.
 ...                                              
                                                  
l.3 ...∫øu Oxy, c√°c ho·∫°t ƒë·ªông kh√°c b·ªã ·∫£
                                                  nh h∆∞·ªüng nghi√™m tr·ªçn...

You may provide a definition with
\DeclareUnicodeCharacter 

Missing character: There is no n in font nullfont!
Missing character: There is no h in font nullfont!
Missing character: There is no h in font nullfont!

! Package inputenc Error: Unicode character ∆∞ (U+01B0)
(inputenc)                not set up for use with LaTeX.

See the inputenc package documentation for explanation.
Type  H <return>  for immediate help.
 ...                                              
                                                  
l.3 ...y, c√°c ho·∫°t ƒë·ªông kh√°c b·ªã ·∫£nh h∆∞
                                                  ·ªüng nghi√™m tr·ªçng, c√≥...

You may provide a definition with
\DeclareUnicodeCharacter 


! Package inputenc Error: Unicode character ·ªü (U+1EDF)
(inputenc)                not set up for use with LaTeX.

See the inputenc package documentation for explanation.
Type  H <return>  for immediate help.
 ...                                              
                                                  
l.3 ...c√°c ho·∫°t ƒë·ªông kh√°c b·ªã ·∫£nh h∆∞·ªü
                                                  ng nghi√™m tr·ªçng, c√≥ th...

You may provide a definition with
\DeclareUnicodeCharacter 

Missing character: There is no n in font nullfont!
Missing character: There is no g in font nullfont!
Missing character: There is no n in font nullfont!
Missing character: There is no g in font nullfont!
Missing character: There is no h in font nullfont!
Missing character: There is no i in font nullfont!
Missing character: There is no m in font nullfont!
Missing character: There is no t in font nullfont!
Missing character: There is no r in font nullfont!

! Package inputenc Error: Unicode character ·ªç (U+1ECD)
(inputenc)                not set up for use with LaTeX.

See the inputenc package documentation for explanation.
Type  H <return>  for immediate help.
 ...                                              
                                                  
l.3 ...ông kh√°c b·ªã ·∫£nh h∆∞·ªüng nghi√™m tr·ªç
                                                  ng, c√≥ th·ªÉ ƒëe d·ªça ƒë...

You may provide a definition with
\DeclareUnicodeCharacter 

Missing character: There is no n in font nullfont!
Missing character: There is no g in font nullfont!
Missing character: There is no , in font nullfont!
Missing character: There is no c in font nullfont!
Missing character: There is no t in font nullfont!
Missing character: There is no h in font nullfont!

! Package inputenc Error: Unicode character ·ªÉ (U+1EC3)
(inputenc)                not set up for use with LaTeX.

See the inputenc package documentation for explanation.
Type  H <return>  for immediate help.
 ...                                              
                                                  
l.3 ...ã ·∫£nh h∆∞·ªüng nghi√™m tr·ªçng, c√≥ th·ªÉ
                                                   ƒëe d·ªça ƒë·∫øn t√≠nh m·...

You may provide a definition with
\DeclareUnicodeCharacter 


! LaTeX Error: Command \dj unavailable in encoding .

See the LaTeX manual or LaTeX Companion for explanation.
Type  H <return>  for immediate help.
 ...                                              
                                                  
l.3 ...∫£nh h∆∞·ªüng nghi√™m tr·ªçng, c√≥ th·ªÉ ƒë
                                                  e d·ªça ƒë·∫øn t√≠nh m·∫°n...

Your command was ignored.
Type  I <command> <return>  to replace it with another command,
or  <return>  to continue without it.

Missing character: There is no e in font nullfont!
Missing character: There is no d in font nullfont!

! Package inputenc Error: Unicode character ·ªç (U+1ECD)
(inputenc)                not set up for use with LaTeX.

See the inputenc package documentation for explanation.
Type  H <return>  for immediate help.
 ...                                              
                                                  
l.3 ...∆∞·ªüng nghi√™m tr·ªçng, c√≥ th·ªÉ ƒëe d·ªç
                                                  a ƒë·∫øn t√≠nh m·∫°ng ng∆∞...

You may provide a definition with
\DeclareUnicodeCharacter 

Missing character: There is no a in font nullfont!

! LaTeX Error: Command \dj unavailable in encoding .

See the LaTeX manual or LaTeX Companion for explanation.
Type  H <return>  for immediate help.
 ...                                              
                                                  
l.3 ...üng nghi√™m tr·ªçng, c√≥ th·ªÉ ƒëe d·ªça ƒë
                                                  ·∫øn t√≠nh m·∫°ng ng∆∞·ªùi...

Your command was ignored.
Type  I <command> <return>  to replace it with another command,
or  <return>  to continue without it.


! Package inputenc Error: Unicode character ·∫ø (U+1EBF)
(inputenc)                not set up for use with LaTeX.

See the inputenc package documentation for explanation.
Type  H <return>  for immediate help.
 ...                                              
                                                  
l.3 ... nghi√™m tr·ªçng, c√≥ th·ªÉ ƒëe d·ªça ƒë·∫ø
                                                  n t√≠nh m·∫°ng ng∆∞·ªùi b·...

You may provide a definition with
\DeclareUnicodeCharacter 

Missing character: There is no n in font nullfont!
Missing character: There is no t in font nullfont!
Missing character: There is no n in font nullfont!
Missing character: There is no h in font nullfont!
Missing character: There is no m in font nullfont!

! Package inputenc Error: Unicode character ·∫° (U+1EA1)
(inputenc)                not set up for use with LaTeX.

See the inputenc package documentation for explanation.
Type  H <return>  for immediate help.
 ...                                              
                                                  
l.3 ...ªçng, c√≥ th·ªÉ ƒëe d·ªça ƒë·∫øn t√≠nh m·∫°
                                                  ng ng∆∞·ªùi b·ªánh. X∆° ph...

You may provide a definition with
\DeclareUnicodeCharacter 

Missing character: There is no n in font nullfont!
Missing character: There is no g in font nullfont!
Missing character: There is no n in font nullfont!
Missing character: There is no g in font nullfont!

! Package inputenc Error: Unicode character ∆∞ (U+01B0)
(inputenc)                not set up for use with LaTeX.

See the inputenc package documentation for explanation.
Type  H <return>  for immediate help.
 ...                                              
                                                  
l.3 ...√≥ th·ªÉ ƒëe d·ªça ƒë·∫øn t√≠nh m·∫°ng ng∆∞
                                                  ·ªùi b·ªánh. X∆° ph·ªïi kh...

You may provide a definition with
\DeclareUnicodeCharacter 


! Package inputenc Error: Unicode character ·ªù (U+1EDD)
(inputenc)                not set up for use with LaTeX.

See the inputenc package documentation for explanation.
Type  H <return>  for immediate help.
 ...                                              
                                                  
l.3 ...th·ªÉ ƒëe d·ªça ƒë·∫øn t√≠nh m·∫°ng ng∆∞·ªù
                                                  i b·ªánh. X∆° ph·ªïi khi·∫...

You may provide a definition with
\DeclareUnicodeCharacter 

Missing character: There is no i in font nullfont!
Missing character: There is no b in font nullfont!

! Package inputenc Error: Unicode character ·ªá (U+1EC7)
(inputenc)                not set up for use with LaTeX.

See the inputenc package documentation for explanation.
Type  H <return>  for immediate help.
 ...                                              
                                                  
l.3 ...ƒëe d·ªça ƒë·∫øn t√≠nh m·∫°ng ng∆∞·ªùi b·ªá
                                                  nh. X∆° ph·ªïi khi·∫øn m√¥...

You may provide a definition with
\DeclareUnicodeCharacter 

Missing character: There is no n in font nullfont!
Missing character: There is no h in font nullfont!
Missing character: There is no . in font nullfont!
Missing character: There is no X in font nullfont!

! Package inputenc Error: Unicode character ∆° (U+01A1)
(inputenc)                not set up for use with LaTeX.

See the inputenc package documentation for explanation.
Type  H <return>  for immediate help.
 ...                                              
                                                  
l.3 ...ça ƒë·∫øn t√≠nh m·∫°ng ng∆∞·ªùi b·ªánh. X∆°
                                                   ph·ªïi khi·∫øn m√¥ ·ªü s√...

You may provide a definition with
\DeclareUnicodeCharacter 

Missing character: There is no p in font nullfont!
Missing character: There is no h in font nullfont!

! Package inputenc Error: Unicode character ·ªï (U+1ED5)
(inputenc)                not set up for use with LaTeX.

See the inputenc package documentation for explanation.
Type  H <return>  for immediate help.
 ...                                              
                                                  
l.3 ...∫øn t√≠nh m·∫°ng ng∆∞·ªùi b·ªánh. X∆° ph·ªï
                                                  i khi·∫øn m√¥ ·ªü s√¢u tro...

You may provide a definition with
\DeclareUnicodeCharacter 

Missing character: There is no i in font nullfont!
Missing character: There is no k in font nullfont!
Missing character: There is no h in font nullfont!
Missing character: There is no i in font nullfont!

! Package inputenc Error: Unicode character ·∫ø (U+1EBF)
(inputenc)                not set up for use with LaTeX.

See the inputenc package documentation for explanation.
Type  H <return>  for immediate help.
 ...                                              
                                                  
l.3 ...h m·∫°ng ng∆∞·ªùi b·ªánh. X∆° ph·ªïi khi·∫ø
                                                  n m√¥ ·ªü s√¢u trong ph·ªï...

You may provide a definition with
\DeclareUnicodeCharacter 

Missing character: There is no n in font nullfont!
Missing character: There is no m in font nullfont!

! Package inputenc Error: Unicode character ·ªü (U+1EDF)
(inputenc)                not set up for use with LaTeX.

See the inputenc package documentation for explanation.
Type  H <return>  for immediate help.
 ...                                              
                                                  
l.3 ...ng∆∞·ªùi b·ªánh. X∆° ph·ªïi khi·∫øn m√¥ ·ªü
                                                   s√¢u trong ph·ªïi b·ªã t·...

You may provide a definition with
\DeclareUnicodeCharacter 

Missing character: There is no s in font nullfont!
Missing character: There is no u in font nullfont!
Missing character: There is no t in font nullfont!
Missing character: There is no r in font nullfont!
Missing character: There is no o in font nullfont!
Missing character: There is no n in font nullfont!
Missing character: There is no g in font nullfont!
Missing character: There is no p in font nullfont!
Missing character: There is no h in font nullfont!

! Package inputenc Error: Unicode character ·ªï (U+1ED5)
(inputenc)                not set up for use with LaTeX.

See the inputenc package documentation for explanation.
Type  H <return>  for immediate help.
 ...                                              
                                                  
l.3 ...X∆° ph·ªïi khi·∫øn m√¥ ·ªü s√¢u trong ph·ªï
                                                  i b·ªã t·ªïn th∆∞∆°ng, d√†...

You may provide a definition with
\DeclareUnicodeCharacter 

Missing character: There is no i in font nullfont!
Missing character: There is no b in font nullfont!

! Package inputenc Error: Unicode character ·ªã (U+1ECB)
(inputenc)                not set up for use with LaTeX.

See the inputenc package documentation for explanation.
Type  H <return>  for immediate help.
 ...                                              
                                                  
l.3 ...·ªïi khi·∫øn m√¥ ·ªü s√¢u trong ph·ªïi b·ªã
                                                   t·ªïn th∆∞∆°ng, d√†y v√† ...

You may provide a definition with
\DeclareUnicodeCharacter 

Missing character: There is no t in font nullfont!

! Package inputenc Error: Unicode character ·ªï (U+1ED5)
(inputenc)                not set up for use with LaTeX.

See the inputenc package documentation for explanation.
Type  H <return>  for immediate help.
 ...                                              
                                                  
l.3 ...khi·∫øn m√¥ ·ªü s√¢u trong ph·ªïi b·ªã t·ªï
                                                  n th∆∞∆°ng, d√†y v√† c·ª©n...

You may provide a definition with
\DeclareUnicodeCharacter 

Missing character: There is no n in font nullfont!
Missing character: There is no t in font nullfont!
Missing character: There is no h in font nullfont!

! Package inputenc Error: Unicode character ∆∞ (U+01B0)
(inputenc)                not set up for use with LaTeX.

See the inputenc package documentation for explanation.
Type  H <return>  for immediate help.
 ...                                              
                                                  
l.3 ...n m√¥ ·ªü s√¢u trong ph·ªïi b·ªã t·ªïn th∆∞
                                                  ∆°ng, d√†y v√† c·ª©ng h∆°n...

You may provide a definition with
\DeclareUnicodeCharacter 


! Package inputenc Error: Unicode character ∆° (U+01A1)
(inputenc)                not set up for use with LaTeX.

See the inputenc package documentation for explanation.
Type  H <return>  for immediate help.
 ...                                              
                                                  
l.3 ...m√¥ ·ªü s√¢u trong ph·ªïi b·ªã t·ªïn th∆∞∆°
                                                  ng, d√†y v√† c·ª©ng h∆°n d...

You may provide a definition with
\DeclareUnicodeCharacter 

Missing character: There is no n in font nullfont!
Missing character: There is no g in font nullfont!
Missing character: There is no , in font nullfont!
Missing character: There is no d in font nullfont!
Missing character: There is no y in font nullfont!
Missing character: There is no v in font nullfont!
Missing character: There is no c in font nullfont!

! Package inputenc Error: Unicode character ·ª© (U+1EE9)
(inputenc)                not set up for use with LaTeX.

See the inputenc package documentation for explanation.
Type  H <return>  for immediate help.
 ...                                              
                                                  
l.3 ...g ph·ªïi b·ªã t·ªïn th∆∞∆°ng, d√†y v√† c·ª©
                                                  ng h∆°n do m·∫•t t√≠nh ƒë√...

You may provide a definition with
\DeclareUnicodeCharacter 

Missing character: There is no n in font nullfont!
Missing character: There is no g in font nullfont!
Missing character: There is no h in font nullfont!

! Package inputenc Error: Unicode character ∆° (U+01A1)
(inputenc)                not set up for use with LaTeX.

See the inputenc package documentation for explanation.
Type  H <return>  for immediate help.
 ...                                              
                                                  
l.3 ...ïi b·ªã t·ªïn th∆∞∆°ng, d√†y v√† c·ª©ng h∆°
                                                  n do m·∫•t t√≠nh ƒë√†n h·ª...

You may provide a definition with
\DeclareUnicodeCharacter 

Missing character: There is no n in font nullfont!
Missing character: There is no d in font nullfont!
Missing character: There is no o in font nullfont!
Missing character: There is no m in font nullfont!

! Package inputenc Error: Unicode character ·∫• (U+1EA5)
(inputenc)                not set up for use with LaTeX.

See the inputenc package documentation for explanation.
Type  H <return>  for immediate help.
 ...                                              
                                                  
l.3 ...·ªïn th∆∞∆°ng, d√†y v√† c·ª©ng h∆°n do m·∫•
                                                  t t√≠nh ƒë√†n h·ªìi v√† t·...

You may provide a definition with
\DeclareUnicodeCharacter 

Missing character: There is no t in font nullfont!
Missing character: There is no t in font nullfont!
Missing character: There is no n in font nullfont!
Missing character: There is no h in font nullfont!

! LaTeX Error: Command \dj unavailable in encoding .

See the LaTeX manual or LaTeX Companion for explanation.
Type  H <return>  for immediate help.
 ...                                              
                                                  
l.3 ...°ng, d√†y v√† c·ª©ng h∆°n do m·∫•t t√≠nh ƒë
                                                  √†n h·ªìi v√† t·∫°o s·∫πo,...

Your command was ignored.
Type  I <command> <return>  to replace it with another command,
or  <return>  to continue without it.

Missing character: There is no n in font nullfont!
Missing character: There is no h in font nullfont!

! Package inputenc Error: Unicode character ·ªì (U+1ED3)
(inputenc)                not set up for use with LaTeX.

See the inputenc package documentation for explanation.
Type  H <return>  for immediate help.
 ...                                              
                                                  
l.3 ...y v√† c·ª©ng h∆°n do m·∫•t t√≠nh ƒë√†n h·ªì
                                                  i v√† t·∫°o s·∫πo, l√¢u d√...

You may provide a definition with
\DeclareUnicodeCharacter 

Missing character: There is no i in font nullfont!
Missing character: There is no v in font nullfont!
Missing character: There is no t in font nullfont!

! Package inputenc Error: Unicode character ·∫° (U+1EA1)
(inputenc)                not set up for use with LaTeX.

See the inputenc package documentation for explanation.
Type  H <return>  for immediate help.
 ...                                              
                                                  
l.3 ...ng h∆°n do m·∫•t t√≠nh ƒë√†n h·ªìi v√† t·∫°
                                                  o s·∫πo, l√¢u d√†i l√†m bi...

You may provide a definition with
\DeclareUnicodeCharacter 

Missing character: There is no o in font nullfont!
Missing character: There is no s in font nullfont!

! Package inputenc Error: Unicode character ·∫π (U+1EB9)
(inputenc)                not set up for use with LaTeX.

See the inputenc package documentation for explanation.
Type  H <return>  for immediate help.
 ...                                              
                                                  
l.3 ...n do m·∫•t t√≠nh ƒë√†n h·ªìi v√† t·∫°o s·∫π
                                                  o, l√¢u d√†i l√†m bi·∫øn c...

You may provide a definition with
\DeclareUnicodeCharacter 

Missing character: There is no o in font nullfont!
Missing character: There is no , in font nullfont!
Missing character: There is no l in font nullfont!
Missing character: There is no u in font nullfont!
Missing character: There is no d in font nullfont!
Missing character: There is no i in font nullfont!
Missing character: There is no l in font nullfont!
Missing character: There is no m in font nullfont!
Missing character: There is no b in font nullfont!
Missing character: There is no i in font nullfont!

! Package inputenc Error: Unicode character ·∫ø (U+1EBF)
(inputenc)                not set up for use with LaTeX.

See the inputenc package documentation for explanation.
Type  H <return>  for immediate help.
 ...                                              
                                                  
l.3 ...h·ªìi v√† t·∫°o s·∫πo, l√¢u d√†i l√†m bi·∫ø
                                                  n ch·ª©ng suy tim. S·ª± kh...

You may provide a definition with
\DeclareUnicodeCharacter 

Missing character: There is no n in font nullfont!
Missing character: There is no c in font nullfont!
Missing character: There is no h in font nullfont!

! Package inputenc Error: Unicode character ·ª© (U+1EE9)
(inputenc)                not set up for use with LaTeX.

See the inputenc package documentation for explanation.
Type  H <return>  for immediate help.
 ...                                              
                                                  
l.3 ...√† t·∫°o s·∫πo, l√¢u d√†i l√†m bi·∫øn ch·ª©
                                                  ng suy tim. S·ª± kh√°c bi·...

You may provide a definition with
\DeclareUnicodeCharacter 

Missing character: There is no n in font nullfont!
Missing character: There is no g in font nullfont!
Missing character: There is no s in font nullfont!
Missing character: There is no u in font nullfont!
Missing character: There is no y in font nullfont!
Missing character: There is no t in font nullfont!
Missing character: There is no i in font nullfont!
Missing character: There is no m in font nullfont!
Missing character: There is no . in font nullfont!
Missing character: There is no S in font nullfont!

! Package inputenc Error: Unicode character ·ª± (U+1EF1)
(inputenc)                not set up for use with LaTeX.

See the inputenc package documentation for explanation.
Type  H <return>  for immediate help.
 ...                                              
                                                  
l.3 ...l√¢u d√†i l√†m bi·∫øn ch·ª©ng suy tim. S·ª±
                                                   kh√°c bi·ªát gi·ªØa ph·ªï...

You may provide a definition with
\DeclareUnicodeCharacter 

Missing character: There is no k in font nullfont!
Missing character: There is no h in font nullfont!
Missing character: There is no c in font nullfont!
Missing character: There is no b in font nullfont!
Missing character: There is no i in font nullfont!

! Package inputenc Error: Unicode character ·ªá (U+1EC7)
(inputenc)                not set up for use with LaTeX.

See the inputenc package documentation for explanation.
Type  H <return>  for immediate help.
 ...                                              
                                                  
l.3 ...†m bi·∫øn ch·ª©ng suy tim. S·ª± kh√°c bi·ªá
                                                  t gi·ªØa ph·ªïi b√¨nh th∆∞...

You may provide a definition with
\DeclareUnicodeCharacter 

Missing character: There is no t in font nullfont!
Missing character: There is no g in font nullfont!
Missing character: There is no i in font nullfont!

! Package inputenc Error: Unicode character ·ªØ (U+1EEF)
(inputenc)                not set up for use with LaTeX.

See the inputenc package documentation for explanation.
Type  H <return>  for immediate help.
 ...                                              
                                                  
l.3 ...øn ch·ª©ng suy tim. S·ª± kh√°c bi·ªát gi·ªØ
                                                  a ph·ªïi b√¨nh th∆∞·ªùng v...

You may provide a definition with
\DeclareUnicodeCharacter 

Missing character: There is no a in font nullfont!
Missing character: There is no p in font nullfont!
Missing character: There is no h in font nullfont!

! Package inputenc Error: Unicode character ·ªï (U+1ED5)
(inputenc)                not set up for use with LaTeX.

See the inputenc package documentation for explanation.
Type  H <return>  for immediate help.
 ...                                              
                                                  
l.3 ...©ng suy tim. S·ª± kh√°c bi·ªát gi·ªØa ph·ªï
                                                  i b√¨nh th∆∞·ªùng v√† ph·ª...

You may provide a definition with
\DeclareUnicodeCharacter 

Missing character: There is no i in font nullfont!
Missing character: There is no b in font nullfont!
Missing character: There is no n in font nullfont!
Missing character: There is no h in font nullfont!
Missing character: There is no t in font nullfont!
Missing character: There is no h in font nullfont!

! Package inputenc Error: Unicode character ∆∞ (U+01B0)
(inputenc)                not set up for use with LaTeX.

See the inputenc package documentation for explanation.
Type  H <return>  for immediate help.
 ...                                              
                                                  
l.3 ... S·ª± kh√°c bi·ªát gi·ªØa ph·ªïi b√¨nh th∆∞
                                                  ·ªùng v√† ph·ªïi b·ªã x∆° ...

You may provide a definition with
\DeclareUnicodeCharacter 


! Package inputenc Error: Unicode character ·ªù (U+1EDD)
(inputenc)                not set up for use with LaTeX.

See the inputenc package documentation for explanation.
Type  H <return>  for immediate help.
 ...                                              
                                                  
l.3 ...ª± kh√°c bi·ªát gi·ªØa ph·ªïi b√¨nh th∆∞·ªù
                                                  ng v√† ph·ªïi b·ªã x∆° ƒë∆...

You may provide a definition with
\DeclareUnicodeCharacter 

Missing character: There is no n in font nullfont!
Missing character: There is no g in font nullfont!
Missing character: There is no v in font nullfont!
Missing character: There is no p in font nullfont!
Missing character: There is no h in font nullfont!

! Package inputenc Error: Unicode character ·ªï (U+1ED5)
(inputenc)                not set up for use with LaTeX.

See the inputenc package documentation for explanation.
Type  H <return>  for immediate help.
 ...                                              
                                                  
l.3 ...ªát gi·ªØa ph·ªïi b√¨nh th∆∞·ªùng v√† ph·ªï
                                                  i b·ªã x∆° ƒë∆∞·ª£c m√¥ t·...

You may provide a definition with
\DeclareUnicodeCharacter 

Missing character: There is no i in font nullfont!
Missing character: There is no b in font nullfont!

! Package inputenc Error: Unicode character ·ªã (U+1ECB)
(inputenc)                not set up for use with LaTeX.

See the inputenc package documentation for explanation.
Type  H <return>  for immediate help.
 ...                                              
                                                  
l.3 ...·ªØa ph·ªïi b√¨nh th∆∞·ªùng v√† ph·ªïi b·ªã
                                                   x∆° ƒë∆∞·ª£c m√¥ t·∫£ ·ªü...

You may provide a definition with
\DeclareUnicodeCharacter 

Missing character: There is no x in font nullfont!

! Package inputenc Error: Unicode character ∆° (U+01A1)
(inputenc)                not set up for use with LaTeX.

See the inputenc package documentation for explanation.
Type  H <return>  for immediate help.
 ...                                              
                                                  
l.3 ... ph·ªïi b√¨nh th∆∞·ªùng v√† ph·ªïi b·ªã x∆°
                                                   ƒë∆∞·ª£c m√¥ t·∫£ ·ªü h√¨...

You may provide a definition with
\DeclareUnicodeCharacter 


! LaTeX Error: Command \dj unavailable in encoding .

See the LaTeX manual or LaTeX Companion for explanation.
Type  H <return>  for immediate help.
 ...                                              
                                                  
l.3 ...·ªïi b√¨nh th∆∞·ªùng v√† ph·ªïi b·ªã x∆° ƒë
                                                  ∆∞·ª£c m√¥ t·∫£ ·ªü h√¨nh ...

Your command was ignored.
Type  I <command> <return>  to replace it with another command,
or  <return>  to continue without it.


! Package inputenc Error: Unicode character ∆∞ (U+01B0)
(inputenc)                not set up for use with LaTeX.

See the inputenc package documentation for explanation.
Type  H <return>  for immediate help.
 ...                                              
                                                  
l.3 ...ïi b√¨nh th∆∞·ªùng v√† ph·ªïi b·ªã x∆° ƒë∆∞
                                                  ·ª£c m√¥ t·∫£ ·ªü h√¨nh \r...

You may provide a definition with
\DeclareUnicodeCharacter 


! Package inputenc Error: Unicode character ·ª£ (U+1EE3)
(inputenc)                not set up for use with LaTeX.

See the inputenc package documentation for explanation.
Type  H <return>  for immediate help.
 ...                                              
                                                  
l.3 ...b√¨nh th∆∞·ªùng v√† ph·ªïi b·ªã x∆° ƒë∆∞·ª£
                                                  c m√¥ t·∫£ ·ªü h√¨nh \ref{...

You may provide a definition with
\DeclareUnicodeCharacter 

Missing character: There is no c in font nullfont!
Missing character: There is no m in font nullfont!
Missing character: There is no t in font nullfont!

! Package inputenc Error: Unicode character ·∫£ (U+1EA3)
(inputenc)                not set up for use with LaTeX.

See the inputenc package documentation for explanation.
Type  H <return>  for immediate help.
 ...                                              
                                                  
l.3 ...·ªùng v√† ph·ªïi b·ªã x∆° ƒë∆∞·ª£c m√¥ t·∫£
                                                   ·ªü h√¨nh \ref{fig:phoi}....

You may provide a definition with
\DeclareUnicodeCharacter 


! Package inputenc Error: Unicode character ·ªü (U+1EDF)
(inputenc)                not set up for use with LaTeX.

See the inputenc package documentation for explanation.
Type  H <return>  for immediate help.
 ...                                              
                                                  
l.3 ...g v√† ph·ªïi b·ªã x∆° ƒë∆∞·ª£c m√¥ t·∫£ ·ªü
                                                   h√¨nh \ref{fig:phoi}. ·ªû...

You may provide a definition with
\DeclareUnicodeCharacter 

Missing character: There is no h in font nullfont!
Missing character: There is no n in font nullfont!
Missing character: There is no h in font nullfont!
! Undefined control sequence.
<write> ... Reference `fig:phoi' on page \thepage 
                                                  \space undefined\on@line .
l.3 ... ƒë∆∞·ª£c m√¥ t·∫£ ·ªü h√¨nh \ref{fig:phoi}
                                                  . ·ªû giai ƒëo·∫°n cu·ªëi,...
The control sequence at the end of the top line
of your error message was never \def'ed. If you have
misspelled it (e.g., `\hobx'), type `I' and the correct
spelling (e.g., `I\hbox'). Otherwise just continue,
and I'll forget about whatever was undefined.


LaTeX Warning: Reference `fig:phoi' on page  undefined on input line 3.

Missing character: There is no . in font nullfont!

! Package inputenc Error: Unicode character ·ªû (U+1EDE)
(inputenc)                not set up for use with LaTeX.

See the inputenc package documentation for explanation.
Type  H <return>  for immediate help.
 ...                                              
                                                  
l.3 ...·ª£c m√¥ t·∫£ ·ªü h√¨nh \ref{fig:phoi}. ·ªû
                                                   giai ƒëo·∫°n cu·ªëi, n·ªì...

You may provide a definition with
\DeclareUnicodeCharacter 

Missing character: There is no g in font nullfont!
Missing character: There is no i in font nullfont!
Missing character: There is no a in font nullfont!
Missing character: There is no i in font nullfont!

! LaTeX Error: Command \dj unavailable in encoding .

See the LaTeX manual or LaTeX Companion for explanation.
Type  H <return>  for immediate help.
 ...                                              
                                                  
l.3 ... t·∫£ ·ªü h√¨nh \ref{fig:phoi}. ·ªû giai ƒë
                                                  o·∫°n cu·ªëi, n·ªìng ƒë·ªô...

Your command was ignored.
Type  I <command> <return>  to replace it with another command,
or  <return>  to continue without it.

Missing character: There is no o in font nullfont!

! Package inputenc Error: Unicode character ·∫° (U+1EA1)
(inputenc)                not set up for use with LaTeX.

See the inputenc package documentation for explanation.
Type  H <return>  for immediate help.
 ...                                              
                                                  
l.3 ...£ ·ªü h√¨nh \ref{fig:phoi}. ·ªû giai ƒëo·∫°
                                                  n cu·ªëi, n·ªìng ƒë·ªô oxy...

You may provide a definition with
\DeclareUnicodeCharacter 

Missing character: There is no n in font nullfont!
Missing character: There is no c in font nullfont!
Missing character: There is no u in font nullfont!

! Package inputenc Error: Unicode character ·ªë (U+1ED1)
(inputenc)                not set up for use with LaTeX.

See the inputenc package documentation for explanation.
Type  H <return>  for immediate help.
 ...                                              
                                                  
l.3 ...√¨nh \ref{fig:phoi}. ·ªû giai ƒëo·∫°n cu·ªë
                                                  i, n·ªìng ƒë·ªô oxy trong ...

You may provide a definition with
\DeclareUnicodeCharacter 

Missing character: There is no i in font nullfont!
Missing character: There is no , in font nullfont!
Missing character: There is no n in font nullfont!

! Package inputenc Error: Unicode character ·ªì (U+1ED3)
(inputenc)                not set up for use with LaTeX.

See the inputenc package documentation for explanation.
Type  H <return>  for immediate help.
 ...                                              
                                                  
l.3 ...ef{fig:phoi}. ·ªû giai ƒëo·∫°n cu·ªëi, n·ªì
                                                  ng ƒë·ªô oxy trong m√°u gi...

You may provide a definition with
\DeclareUnicodeCharacter 

Missing character: There is no n in font nullfont!
Missing character: There is no g in font nullfont!

! LaTeX Error: Command \dj unavailable in encoding .

See the LaTeX manual or LaTeX Companion for explanation.
Type  H <return>  for immediate help.
 ...                                              
                                                  
l.3 ...g:phoi}. ·ªû giai ƒëo·∫°n cu·ªëi, n·ªìng ƒë
                                                  ·ªô oxy trong m√°u gi·∫£m ...

Your command was ignored.
Type  I <command> <return>  to replace it with another command,
or  <return>  to continue without it.


! Package inputenc Error: Unicode character ·ªô (U+1ED9)
(inputenc)                not set up for use with LaTeX.

See the inputenc package documentation for explanation.
Type  H <return>  for immediate help.
 ...                                              
                                                  
l.3 ...hoi}. ·ªû giai ƒëo·∫°n cu·ªëi, n·ªìng ƒë·ªô
                                                   oxy trong m√°u gi·∫£m xu·...

You may provide a definition with
\DeclareUnicodeCharacter 

Missing character: There is no o in font nullfont!
Missing character: There is no x in font nullfont!
Missing character: There is no y in font nullfont!
Missing character: There is no t in font nullfont!
Missing character: There is no r in font nullfont!
Missing character: There is no o in font nullfont!
Missing character: There is no n in font nullfont!
Missing character: There is no g in font nullfont!
Missing character: There is no m in font nullfont!
Missing character: There is no u in font nullfont!
Missing character: There is no g in font nullfont!
Missing character: There is no i in font nullfont!

! Package inputenc Error: Unicode character ·∫£ (U+1EA3)
(inputenc)                not set up for use with LaTeX.

See the inputenc package documentation for explanation.
Type  H <return>  for immediate help.
 ...                                              
                                                  
l.3 ...n cu·ªëi, n·ªìng ƒë·ªô oxy trong m√°u gi·∫£
                                                  m xu·ªëng qu√° th·∫•p d·∫´...

You may provide a definition with
\DeclareUnicodeCharacter 

Missing character: There is no m in font nullfont!
Missing character: There is no x in font nullfont!
Missing character: There is no u in font nullfont!

! Package inputenc Error: Unicode character ·ªë (U+1ED1)
(inputenc)                not set up for use with LaTeX.

See the inputenc package documentation for explanation.
Type  H <return>  for immediate help.
 ...                                              
                                                  
l.3 ...i, n·ªìng ƒë·ªô oxy trong m√°u gi·∫£m xu·ªë
                                                  ng qu√° th·∫•p d·∫´n ƒë·∫ø...

You may provide a definition with
\DeclareUnicodeCharacter 

Missing character: There is no n in font nullfont!
Missing character: There is no g in font nullfont!
Missing character: There is no q in font nullfont!
Missing character: There is no u in font nullfont!
Missing character: There is no t in font nullfont!
Missing character: There is no h in font nullfont!

! Package inputenc Error: Unicode character ·∫• (U+1EA5)
(inputenc)                not set up for use with LaTeX.

See the inputenc package documentation for explanation.
Type  H <return>  for immediate help.
 ...                                              
                                                  
l.3 ...ªô oxy trong m√°u gi·∫£m xu·ªëng qu√° th·∫•
                                                  p d·∫´n ƒë·∫øn r·ªëi lo·∫°...

You may provide a definition with
\DeclareUnicodeCharacter 

Missing character: There is no p in font nullfont!
Missing character: There is no d in font nullfont!

! Package inputenc Error: Unicode character ·∫´ (U+1EAB)
(inputenc)                not set up for use with LaTeX.

See the inputenc package documentation for explanation.
Type  H <return>  for immediate help.
 ...                                              
                                                  
l.3 ... trong m√°u gi·∫£m xu·ªëng qu√° th·∫•p d·∫´
                                                  n ƒë·∫øn r·ªëi lo·∫°n nh·ª...

You may provide a definition with
\DeclareUnicodeCharacter 

Missing character: There is no n in font nullfont!

! LaTeX Error: Command \dj unavailable in encoding .

See the LaTeX manual or LaTeX Companion for explanation.
Type  H <return>  for immediate help.
 ...                                              
                                                  
l.3 ...ng m√°u gi·∫£m xu·ªëng qu√° th·∫•p d·∫´n ƒë
                                                  ·∫øn r·ªëi lo·∫°n nh·ªãp t...
(That makes 100 errors; please try again.) 
Here is how much of TeX's memory you used:
 67 strings out of 480608
 875 string characters out of 5907536
 240604 words of memory out of 5000000
 16057 multiletter control sequences out of 15000+600000
 532646 words of font info for 25 fonts, out of 8000000 for 9000
 1141 hyphenation exceptions out of 8191
 17i,2n,16p,809b,96s stack positions out of 5000i,500n,10000p,200000b,80000s

!  ==> Fatal error occurred, no output PDF file produced!
