This is pdfTeX, Version 3.14159265-2.6-1.40.21 (TeX Live 2020/W32TeX) (preloaded format=pdflatex 2020.11.3)  30 NOV 2020 22:26
entering extended mode
 restricted \write18 enabled.
 %&-line parsing enabled.
**firstpage.tex
(./firstpage.tex
LaTeX2e <2020-02-02> patch level 5
L3 programming layer <2020-03-06>

! LaTeX Error: Environment titlepage undefined.

See the LaTeX manual or LaTeX Companion for explanation.
Type  H <return>  for immediate help.
 ...                                              
                                                  
l.1 \begin{titlepage}
                     
Your command was ignored.
Type  I <command> <return>  to replace it with another command,
or  <return>  to continue without it.

! Undefined control sequence.
l.3 {\large
            ƒê·∫†I H·ªåC QU·ªêC GIA TH√ÄNH PH·ªê H·ªí CH√ç MINH\\}
The control sequence at the end of the top line
of your error message was never \def'ed. If you have
misspelled it (e.g., `\hobx'), type `I' and the correct
spelling (e.g., `I\hbox'). Otherwise just continue,
and I'll forget about whatever was undefined.


! LaTeX Error: Command \DJ unavailable in encoding .

See the LaTeX manual or LaTeX Companion for explanation.
Type  H <return>  for immediate help.
 ...                                              
                                                  
l.3 {\large ƒê
              ·∫†I H·ªåC QU·ªêC GIA TH√ÄNH PH·ªê H·ªí CH√ç MINH\\}
Your command was ignored.
Type  I <command> <return>  to replace it with another command,
or  <return>  to continue without it.


! Package inputenc Error: Unicode character ·∫† (U+1EA0)
(inputenc)                not set up for use with LaTeX.

See the inputenc package documentation for explanation.
Type  H <return>  for immediate help.
 ...                                              
                                                  
l.3 {\large ƒê·∫†
                 I H·ªåC QU·ªêC GIA TH√ÄNH PH·ªê H·ªí CH√ç MINH\\}
You may provide a definition with
\DeclareUnicodeCharacter 


! LaTeX Error: Missing \begin{document}.

See the LaTeX manual or LaTeX Companion for explanation.
Type  H <return>  for immediate help.
 ...                                              
                                                  
l.3 {\large ƒê·∫†I
                   H·ªåC QU·ªêC GIA TH√ÄNH PH·ªê H·ªí CH√ç MINH\\}
You're in trouble here.  Try typing  <return>  to proceed.
If that doesn't work, type  X <return>  to quit.

Missing character: There is no I in font nullfont!
Missing character: There is no H in font nullfont!

! Package inputenc Error: Unicode character ·ªå (U+1ECC)
(inputenc)                not set up for use with LaTeX.

See the inputenc package documentation for explanation.
Type  H <return>  for immediate help.
 ...                                              
                                                  
l.3 {\large ƒê·∫†I H·ªå
                       C QU·ªêC GIA TH√ÄNH PH·ªê H·ªí CH√ç MINH\\}
You may provide a definition with
\DeclareUnicodeCharacter 

Missing character: There is no C in font nullfont!
Missing character: There is no Q in font nullfont!
Missing character: There is no U in font nullfont!

! Package inputenc Error: Unicode character ·ªê (U+1ED0)
(inputenc)                not set up for use with LaTeX.

See the inputenc package documentation for explanation.
Type  H <return>  for immediate help.
 ...                                              
                                                  
l.3 {\large ƒê·∫†I H·ªåC QU·ªê
                              C GIA TH√ÄNH PH·ªê H·ªí CH√ç MINH\\}
You may provide a definition with
\DeclareUnicodeCharacter 

Missing character: There is no C in font nullfont!
Missing character: There is no G in font nullfont!
Missing character: There is no I in font nullfont!
Missing character: There is no A in font nullfont!
Missing character: There is no T in font nullfont!
Missing character: There is no H in font nullfont!
LaTeX Font Info:    Trying to load font information for +cmr on input line 3.
LaTeX Font Info:    No file cmr.fd. on input line 3.

LaTeX Font Warning: Font shape `/cmr/m/n' undefined
(Font)              using `/cmr/m/n' instead on input line 3.

! Corrupted NFSS tables.
wrong@fontshape ...message {Corrupted NFSS tables}
                                                  error@fontshape else let f...
l.3 {\large ƒê·∫†I H·ªåC QU·ªêC GIA TH√Ä
                                        NH PH·ªê H·ªí CH√ç MINH\\}
This error message was generated by an \errmessage
command, so I can't give any explicit help.
Pretend that you're Hercule Poirot: Examine all clues,
and deduce the truth by order and method.


LaTeX Font Warning: Font shape `/cmr/m/n' undefined
(Font)              using `OT1/cmr/m/n' instead on input line 3.

Missing character: There is no N in font nullfont!
Missing character: There is no H in font nullfont!
Missing character: There is no P in font nullfont!
Missing character: There is no H in font nullfont!

! Package inputenc Error: Unicode character ·ªê (U+1ED0)
(inputenc)                not set up for use with LaTeX.

See the inputenc package documentation for explanation.
Type  H <return>  for immediate help.
 ...                                              
                                                  
l.3 {\large ƒê·∫†I H·ªåC QU·ªêC GIA TH√ÄNH PH·ªê
                                                 H·ªí CH√ç MINH\\}
You may provide a definition with
\DeclareUnicodeCharacter 

Missing character: There is no H in font nullfont!

! Package inputenc Error: Unicode character ·ªí (U+1ED2)
(inputenc)                not set up for use with LaTeX.

See the inputenc package documentation for explanation.
Type  H <return>  for immediate help.
 ...                                              
                                                  
l.3 ...e ƒê·∫†I H·ªåC QU·ªêC GIA TH√ÄNH PH·ªê H·ªí
                                                   CH√ç MINH\\}
You may provide a definition with
\DeclareUnicodeCharacter 

Missing character: There is no C in font nullfont!
Missing character: There is no H in font nullfont!
Missing character: There is no M in font nullfont!
Missing character: There is no I in font nullfont!
Missing character: There is no N in font nullfont!
Missing character: There is no H in font nullfont!

Overfull \hbox (12.50003pt too wide) in paragraph at lines 3--3
 \/cmr/m/n/10 ^^RA 
 []


Overfull \hbox (3.61111pt too wide) in paragraph at lines 3--3
 []\/cmr/m/n/10 I 
 []

! Undefined control sequence.
l.4 {\large
            TR∆Ø·ªúNG ƒê·∫†I H·ªåC B√ÅCH KHOA\\}
The control sequence at the end of the top line
of your error message was never \def'ed. If you have
misspelled it (e.g., `\hobx'), type `I' and the correct
spelling (e.g., `I\hbox'). Otherwise just continue,
and I'll forget about whatever was undefined.


! LaTeX Error: Missing \begin{document}.

See the LaTeX manual or LaTeX Companion for explanation.
Type  H <return>  for immediate help.
 ...                                              
                                                  
l.4 {\large T
             R∆Ø·ªúNG ƒê·∫†I H·ªåC B√ÅCH KHOA\\}
You're in trouble here.  Try typing  <return>  to proceed.
If that doesn't work, type  X <return>  to quit.

Missing character: There is no T in font nullfont!
Missing character: There is no R in font nullfont!

! Package inputenc Error: Unicode character ∆Ø (U+01AF)
(inputenc)                not set up for use with LaTeX.

See the inputenc package documentation for explanation.
Type  H <return>  for immediate help.
 ...                                              
                                                  
l.4 {\large TR∆Ø
                ·ªúNG ƒê·∫†I H·ªåC B√ÅCH KHOA\\}
You may provide a definition with
\DeclareUnicodeCharacter 


! Package inputenc Error: Unicode character ·ªú (U+1EDC)
(inputenc)                not set up for use with LaTeX.

See the inputenc package documentation for explanation.
Type  H <return>  for immediate help.
 ...                                              
                                                  
l.4 {\large TR∆Ø·ªú
                   NG ƒê·∫†I H·ªåC B√ÅCH KHOA\\}
You may provide a definition with
\DeclareUnicodeCharacter 

Missing character: There is no N in font nullfont!
Missing character: There is no G in font nullfont!

! LaTeX Error: Command \DJ unavailable in encoding .

See the LaTeX manual or LaTeX Companion for explanation.
Type  H <return>  for immediate help.
 ...                                              
                                                  
l.4 {\large TR∆Ø·ªúNG ƒê
                        ·∫†I H·ªåC B√ÅCH KHOA\\}
Your command was ignored.
Type  I <command> <return>  to replace it with another command,
or  <return>  to continue without it.


! Package inputenc Error: Unicode character ·∫† (U+1EA0)
(inputenc)                not set up for use with LaTeX.

See the inputenc package documentation for explanation.
Type  H <return>  for immediate help.
 ...                                              
                                                  
l.4 {\large TR∆Ø·ªúNG ƒê·∫†
                           I H·ªåC B√ÅCH KHOA\\}
You may provide a definition with
\DeclareUnicodeCharacter 

Missing character: There is no I in font nullfont!
Missing character: There is no H in font nullfont!

! Package inputenc Error: Unicode character ·ªå (U+1ECC)
(inputenc)                not set up for use with LaTeX.

See the inputenc package documentation for explanation.
Type  H <return>  for immediate help.
 ...                                              
                                                  
l.4 {\large TR∆Ø·ªúNG ƒê·∫†I H·ªå
                                 C B√ÅCH KHOA\\}
You may provide a definition with
\DeclareUnicodeCharacter 

Missing character: There is no C in font nullfont!
Missing character: There is no B in font nullfont!
Missing character: There is no C in font nullfont!
Missing character: There is no H in font nullfont!
Missing character: There is no K in font nullfont!
Missing character: There is no H in font nullfont!
Missing character: There is no O in font nullfont!
Missing character: There is no A in font nullfont!

Overfull \hbox (7.50002pt too wide) in paragraph at lines 4--4
 []\/cmr/m/n/10 A 
 []

! Undefined control sequence.
l.5 {\large
            KHOA ƒêI·ªÜN - ƒêI·ªÜN T·ª¨\\}
The control sequence at the end of the top line
of your error message was never \def'ed. If you have
misspelled it (e.g., `\hobx'), type `I' and the correct
spelling (e.g., `I\hbox'). Otherwise just continue,
and I'll forget about whatever was undefined.


! LaTeX Error: Missing \begin{document}.

See the LaTeX manual or LaTeX Companion for explanation.
Type  H <return>  for immediate help.
 ...                                              
                                                  
l.5 {\large K
             HOA ƒêI·ªÜN - ƒêI·ªÜN T·ª¨\\}
You're in trouble here.  Try typing  <return>  to proceed.
If that doesn't work, type  X <return>  to quit.

Missing character: There is no K in font nullfont!
Missing character: There is no H in font nullfont!
Missing character: There is no O in font nullfont!
Missing character: There is no A in font nullfont!

! LaTeX Error: Command \DJ unavailable in encoding .

See the LaTeX manual or LaTeX Companion for explanation.
Type  H <return>  for immediate help.
 ...                                              
                                                  
l.5 {\large KHOA ƒê
                   I·ªÜN - ƒêI·ªÜN T·ª¨\\}
Your command was ignored.
Type  I <command> <return>  to replace it with another command,
or  <return>  to continue without it.

Missing character: There is no I in font nullfont!

! Package inputenc Error: Unicode character ·ªÜ (U+1EC6)
(inputenc)                not set up for use with LaTeX.

See the inputenc package documentation for explanation.
Type  H <return>  for immediate help.
 ...                                              
                                                  
l.5 {\large KHOA ƒêI·ªÜ
                       N - ƒêI·ªÜN T·ª¨\\}
You may provide a definition with
\DeclareUnicodeCharacter 

Missing character: There is no N in font nullfont!
Missing character: There is no - in font nullfont!

! LaTeX Error: Command \DJ unavailable in encoding .

See the LaTeX manual or LaTeX Companion for explanation.
Type  H <return>  for immediate help.
 ...                                              
                                                  
l.5 {\large KHOA ƒêI·ªÜN - ƒê
                             I·ªÜN T·ª¨\\}
Your command was ignored.
Type  I <command> <return>  to replace it with another command,
or  <return>  to continue without it.

Missing character: There is no I in font nullfont!

! Package inputenc Error: Unicode character ·ªÜ (U+1EC6)
(inputenc)                not set up for use with LaTeX.

See the inputenc package documentation for explanation.
Type  H <return>  for immediate help.
 ...                                              
                                                  
l.5 {\large KHOA ƒêI·ªÜN - ƒêI·ªÜ
                                 N T·ª¨\\}
You may provide a definition with
\DeclareUnicodeCharacter 

Missing character: There is no N in font nullfont!
Missing character: There is no T in font nullfont!

! Package inputenc Error: Unicode character ·ª¨ (U+1EEC)
(inputenc)                not set up for use with LaTeX.

See the inputenc package documentation for explanation.
Type  H <return>  for immediate help.
 ...                                              
                                                  
l.5 {\large KHOA ƒêI·ªÜN - ƒêI·ªÜN T·ª¨
                                       \\}
You may provide a definition with
\DeclareUnicodeCharacter 

! Undefined control sequence.
l.6 {\large
            B·ªò M√îN VI·ªÑN TH√îNG\\}
The control sequence at the end of the top line
of your error message was never \def'ed. If you have
misspelled it (e.g., `\hobx'), type `I' and the correct
spelling (e.g., `I\hbox'). Otherwise just continue,
and I'll forget about whatever was undefined.


! LaTeX Error: Missing \begin{document}.

See the LaTeX manual or LaTeX Companion for explanation.
Type  H <return>  for immediate help.
 ...                                              
                                                  
l.6 {\large B
             ·ªò M√îN VI·ªÑN TH√îNG\\}
You're in trouble here.  Try typing  <return>  to proceed.
If that doesn't work, type  X <return>  to quit.

Missing character: There is no B in font nullfont!

! Package inputenc Error: Unicode character ·ªò (U+1ED8)
(inputenc)                not set up for use with LaTeX.

See the inputenc package documentation for explanation.
Type  H <return>  for immediate help.
 ...                                              
                                                  
l.6 {\large B·ªò
                 M√îN VI·ªÑN TH√îNG\\}
You may provide a definition with
\DeclareUnicodeCharacter 

Missing character: There is no M in font nullfont!
Missing character: There is no N in font nullfont!
Missing character: There is no V in font nullfont!
Missing character: There is no I in font nullfont!

! Package inputenc Error: Unicode character ·ªÑ (U+1EC4)
(inputenc)                not set up for use with LaTeX.

See the inputenc package documentation for explanation.
Type  H <return>  for immediate help.
 ...                                              
                                                  
l.6 {\large B·ªò M√îN VI·ªÑ
                           N TH√îNG\\}
You may provide a definition with
\DeclareUnicodeCharacter 

Missing character: There is no N in font nullfont!
Missing character: There is no T in font nullfont!
Missing character: There is no H in font nullfont!
Missing character: There is no N in font nullfont!
Missing character: There is no G in font nullfont!

Overfull \hbox (7.7778pt too wide) in paragraph at lines 6--6
 []\/cmr/m/n/10 O 
 []


Overfull \hbox (7.7778pt too wide) in paragraph at lines 6--6
 []\/cmr/m/n/10 O 
 []


! LaTeX Error: Environment figure undefined.

See the LaTeX manual or LaTeX Companion for explanation.
Type  H <return>  for immediate help.
 ...                                              
                                                  
l.8 \begin{figure}
                  [h]
Your command was ignored.
Type  I <command> <return>  to replace it with another command,
or  <return>  to continue without it.


! LaTeX Error: Missing \begin{document}.

See the LaTeX manual or LaTeX Companion for explanation.
Type  H <return>  for immediate help.
 ...                                              
                                                  
l.8 \begin{figure}[
                   h]
You're in trouble here.  Try typing  <return>  to proceed.
If that doesn't work, type  X <return>  to quit.

Missing character: There is no [ in font nullfont!
Missing character: There is no h in font nullfont!
Missing character: There is no ] in font nullfont!
! Undefined control sequence.
<argument> \includegraphics 
                            [scale=0.1]{images/logo_bk}
l.9 ...includegraphics[scale=0.1]{images/logo_bk}}
                                                  
The control sequence at the end of the top line
of your error message was never \def'ed. If you have
misspelled it (e.g., `\hobx'), type `I' and the correct
spelling (e.g., `I\hbox'). Otherwise just continue,
and I'll forget about whatever was undefined.

Missing character: There is no [ in font nullfont!
Missing character: There is no s in font nullfont!
Missing character: There is no c in font nullfont!
Missing character: There is no a in font nullfont!
Missing character: There is no l in font nullfont!
Missing character: There is no e in font nullfont!
Missing character: There is no = in font nullfont!
Missing character: There is no 0 in font nullfont!
Missing character: There is no . in font nullfont!
Missing character: There is no 1 in font nullfont!
Missing character: There is no ] in font nullfont!
Missing character: There is no i in font nullfont!
Missing character: There is no m in font nullfont!
Missing character: There is no a in font nullfont!
Missing character: There is no g in font nullfont!
Missing character: There is no e in font nullfont!
Missing character: There is no s in font nullfont!
Missing character: There is no / in font nullfont!
Missing character: There is no l in font nullfont!
Missing character: There is no o in font nullfont!
Missing character: There is no g in font nullfont!
Missing character: There is no o in font nullfont!
! Missing $ inserted.
<inserted text> 
                $
l.9 ...includegraphics[scale=0.1]{images/logo_bk}}
                                                  
I've inserted a begin-math/end-math symbol since I think
you left one out. Proceed, with fingers crossed.

LaTeX Font Info:    External font `cmex10' loaded for size
(Font)              <7> on input line 9.
LaTeX Font Info:    External font `cmex10' loaded for size
(Font)              <5> on input line 9.
! Extra }, or forgotten $.
<argument> ...graphics [scale=0.1]{images/logo_bk}
                                                  
l.9 ...includegraphics[scale=0.1]{images/logo_bk}}
                                                  
I've deleted a group-closing symbol because it seems to be
spurious, as in `$x}$'. But perhaps the } is legitimate and
you forgot something else, as in `\hbox{$x}'. In such cases
the way to recover is to insert both the forgotten and the
deleted material, e.g., by typing `I$}'.

! Extra }, or forgotten $.
\centerline  #1->\@@line {\hss #1\hss }
                                       
l.9 ...includegraphics[scale=0.1]{images/logo_bk}}
                                                  
I've deleted a group-closing symbol because it seems to be
spurious, as in `$x}$'. But perhaps the } is legitimate and
you forgot something else, as in `\hbox{$x}'. In such cases
the way to recover is to insert both the forgotten and the
deleted material, e.g., by typing `I$}'.


! LaTeX Error: \begin{document} ended by \end{figure}.

See the LaTeX manual or LaTeX Companion for explanation.
Type  H <return>  for immediate help.
 ...                                              
                                                  
l.10 \end{figure}
                 
Your command was ignored.
Type  I <command> <return>  to replace it with another command,
or  <return>  to continue without it.

! Missing $ inserted.
<inserted text> 
                $
l.10 \end{figure}
                 
I've inserted something that you may have forgotten.
(See the <inserted text> above.)
With luck, this will get me unwedged. But if you
really didn't forget anything, try typing `2' now; then
my insertion and my current dilemma will both disappear.

! Missing } inserted.
<inserted text> 
                }
l.10 \end{figure}
                 
I've inserted something that you may have forgotten.
(See the <inserted text> above.)
With luck, this will get me unwedged. But if you
really didn't forget anything, try typing `2' now; then
my insertion and my current dilemma will both disappear.

! Missing } inserted.
<inserted text> 
                }
l.10 \end{figure}
                 
I've inserted something that you may have forgotten.
(See the <inserted text> above.)
With luck, this will get me unwedged. But if you
really didn't forget anything, try typing `2' now; then
my insertion and my current dilemma will both disappear.

! Undefined control sequence.
l.14 {\Large
             LU·∫¨N VƒÇN T·ªêT NGHI·ªÜP}
The control sequence at the end of the top line
of your error message was never \def'ed. If you have
misspelled it (e.g., `\hobx'), type `I' and the correct
spelling (e.g., `I\hbox'). Otherwise just continue,
and I'll forget about whatever was undefined.


! LaTeX Error: Missing \begin{document}.

See the LaTeX manual or LaTeX Companion for explanation.
Type  H <return>  for immediate help.
 ...                                              
                                                  
l.14 {\Large L
              U·∫¨N VƒÇN T·ªêT NGHI·ªÜP}
You're in trouble here.  Try typing  <return>  to proceed.
If that doesn't work, type  X <return>  to quit.

Missing character: There is no L in font nullfont!
Missing character: There is no U in font nullfont!

! Package inputenc Error: Unicode character ·∫¨ (U+1EAC)
(inputenc)                not set up for use with LaTeX.

See the inputenc package documentation for explanation.
Type  H <return>  for immediate help.
 ...                                              
                                                  
l.14 {\Large LU·∫¨
                  N VƒÇN T·ªêT NGHI·ªÜP}
You may provide a definition with
\DeclareUnicodeCharacter 

Missing character: There is no N in font nullfont!
Missing character: There is no V in font nullfont!
Missing character: There is no N in font nullfont!
Missing character: There is no T in font nullfont!

! Package inputenc Error: Unicode character ·ªê (U+1ED0)
(inputenc)                not set up for use with LaTeX.

See the inputenc package documentation for explanation.
Type  H <return>  for immediate help.
 ...                                              
                                                  
l.14 {\Large LU·∫¨N VƒÇN T·ªê
                             T NGHI·ªÜP}
You may provide a definition with
\DeclareUnicodeCharacter 

Missing character: There is no T in font nullfont!
Missing character: There is no N in font nullfont!
Missing character: There is no G in font nullfont!
Missing character: There is no H in font nullfont!
Missing character: There is no I in font nullfont!

! Package inputenc Error: Unicode character ·ªÜ (U+1EC6)
(inputenc)                not set up for use with LaTeX.

See the inputenc package documentation for explanation.
Type  H <return>  for immediate help.
 ...                                              
                                                  
l.14 {\Large LU·∫¨N VƒÇN T·ªêT NGHI·ªÜ
                                      P}
You may provide a definition with
\DeclareUnicodeCharacter 

Missing character: There is no P in font nullfont!

Overfull \hbox (7.50002pt too wide) in paragraph at lines 14--15
 []\/cmr/m/n/10 A 
 []

! Undefined control sequence.
l.18 {\LARGE
            \bfseries M√î H√åNH D·ª∞ ƒêO√ÅN B·ªÜNH X∆† PH·ªîI S·ª¨ D·ª§NG H·...
The control sequence at the end of the top line
of your error message was never \def'ed. If you have
misspelled it (e.g., `\hobx'), type `I' and the correct
spelling (e.g., `I\hbox'). Otherwise just continue,
and I'll forget about whatever was undefined.


! LaTeX Error: Missing \begin{document}.

See the LaTeX manual or LaTeX Companion for explanation.
Type  H <return>  for immediate help.
 ...                                              
                                                  
l.18 {\LARGE\bfseries M
                       √î H√åNH D·ª∞ ƒêO√ÅN B·ªÜNH X∆† PH·ªîI S·ª¨ D·ª§NG H·...

You're in trouble here.  Try typing  <return>  to proceed.
If that doesn't work, type  X <return>  to quit.


! Package inputenc Error: Unicode character ·ª∞ (U+1EF0)
(inputenc)                not set up for use with LaTeX.

See the inputenc package documentation for explanation.
Type  H <return>  for immediate help.
 ...                                              
                                                  
l.18 {\LARGE\bfseries M√î H√åNH D·ª∞
                                     ƒêO√ÅN B·ªÜNH X∆† PH·ªîI S·ª¨ D·ª§NG H·...

You may provide a definition with
\DeclareUnicodeCharacter 


! LaTeX Error: Command \DJ unavailable in encoding OT1.

See the LaTeX manual or LaTeX Companion for explanation.
Type  H <return>  for immediate help.
 ...                                              
                                                  
l.18 {\LARGE\bfseries M√î H√åNH D·ª∞ ƒê
                                       O√ÅN B·ªÜNH X∆† PH·ªîI S·ª¨ D·ª§NG H·...

Your command was ignored.
Type  I <command> <return>  to replace it with another command,
or  <return>  to continue without it.


! Package inputenc Error: Unicode character ·ªÜ (U+1EC6)
(inputenc)                not set up for use with LaTeX.

See the inputenc package documentation for explanation.
Type  H <return>  for immediate help.
 ...                                              
                                                  
l.18 {\LARGE\bfseries M√î H√åNH D·ª∞ ƒêO√ÅN B·ªÜ
                                                NH X∆† PH·ªîI S·ª¨ D·ª§NG H·...

You may provide a definition with
\DeclareUnicodeCharacter 


! Package inputenc Error: Unicode character ∆† (U+01A0)
(inputenc)                not set up for use with LaTeX.

See the inputenc package documentation for explanation.
Type  H <return>  for immediate help.
 ...                                              
                                                  
l.18 ...\bfseries M√î H√åNH D·ª∞ ƒêO√ÅN B·ªÜNH X∆†
                                                   PH·ªîI S·ª¨ D·ª§NG H·ªåC ...

You may provide a definition with
\DeclareUnicodeCharacter 


! Package inputenc Error: Unicode character ·ªî (U+1ED4)
(inputenc)                not set up for use with LaTeX.

See the inputenc package documentation for explanation.
Type  H <return>  for immediate help.
 ...                                              
                                                  
l.18 ...ies M√î H√åNH D·ª∞ ƒêO√ÅN B·ªÜNH X∆† PH·ªî
                                                  I S·ª¨ D·ª§NG H·ªåC S√ÇU }
You may provide a definition with
\DeclareUnicodeCharacter 


! Package inputenc Error: Unicode character ·ª¨ (U+1EEC)
(inputenc)                not set up for use with LaTeX.

See the inputenc package documentation for explanation.
Type  H <return>  for immediate help.
 ...                                              
                                                  
l.18 ...î H√åNH D·ª∞ ƒêO√ÅN B·ªÜNH X∆† PH·ªîI S·ª¨
                                                   D·ª§NG H·ªåC S√ÇU }
You may provide a definition with
\DeclareUnicodeCharacter 


! Package inputenc Error: Unicode character ·ª§ (U+1EE4)
(inputenc)                not set up for use with LaTeX.

See the inputenc package documentation for explanation.
Type  H <return>  for immediate help.
 ...                                              
                                                  
l.18 ...NH D·ª∞ ƒêO√ÅN B·ªÜNH X∆† PH·ªîI S·ª¨ D·ª§
                                                  NG H·ªåC S√ÇU }
You may provide a definition with
\DeclareUnicodeCharacter 


! Package inputenc Error: Unicode character ·ªå (U+1ECC)
(inputenc)                not set up for use with LaTeX.

See the inputenc package documentation for explanation.
Type  H <return>  for immediate help.
 ...                                              
                                                  
l.18 ... ƒêO√ÅN B·ªÜNH X∆† PH·ªîI S·ª¨ D·ª§NG H·ªå
                                                  C S√ÇU }
You may provide a definition with
\DeclareUnicodeCharacter 


Overfull \hbox (19.55545pt too wide) in paragraph at lines 18--19
 []\OT1/cmr/bx/n/10 M[]O 
 []


Overfull \hbox (31.36095pt too wide) in paragraph at lines 18--19
 \OT1/cmr/bx/n/10 H[]INH 
 []


Overfull \hbox (8.8194pt too wide) in paragraph at lines 18--19
 \OT1/cmr/bx/n/10 D 
 []


Overfull \hbox (26.33319pt too wide) in paragraph at lines 18--19
 \OT1/cmr/bx/n/10 O[]AN 
 []


Overfull \hbox (26.18042pt too wide) in paragraph at lines 18--19
 \OT1/cmr/bx/n/10 BNH 
 []


Overfull \hbox (8.6944pt too wide) in paragraph at lines 18--19
 \OT1/cmr/bx/n/10 X 
 []


Overfull \hbox (21.2221pt too wide) in paragraph at lines 18--19
 \OT1/cmr/bx/n/10 PHI 
 []


Overfull \hbox (6.38885pt too wide) in paragraph at lines 18--19
 \OT1/cmr/bx/n/10 S 
 []


Overfull \hbox (26.86096pt too wide) in paragraph at lines 18--19
 \OT1/cmr/bx/n/10 DNG 
 []


Overfull \hbox (17.30547pt too wide) in paragraph at lines 18--19
 \OT1/cmr/bx/n/10 HC 
 []


Overfull \hbox (23.93042pt too wide) in paragraph at lines 18--19
 \OT1/cmr/bx/n/10 S[]AU 
 []

! Undefined control sequence.
l.22 {\large
            \bfseries NGUY·ªÑN M·ª∏ H·∫∞NG - 1711215}
The control sequence at the end of the top line
of your error message was never \def'ed. If you have
misspelled it (e.g., `\hobx'), type `I' and the correct
spelling (e.g., `I\hbox'). Otherwise just continue,
and I'll forget about whatever was undefined.


! LaTeX Error: Missing \begin{document}.

See the LaTeX manual or LaTeX Companion for explanation.
Type  H <return>  for immediate help.
 ...                                              
                                                  
l.22 {\large\bfseries N
                       GUY·ªÑN M·ª∏ H·∫∞NG - 1711215}
You're in trouble here.  Try typing  <return>  to proceed.
If that doesn't work, type  X <return>  to quit.


! Package inputenc Error: Unicode character ·ªÑ (U+1EC4)
(inputenc)                not set up for use with LaTeX.

See the inputenc package documentation for explanation.
Type  H <return>  for immediate help.
 ...                                              
                                                  
l.22 {\large\bfseries NGUY·ªÑ
                             N M·ª∏ H·∫∞NG - 1711215}
You may provide a definition with
\DeclareUnicodeCharacter 


! Package inputenc Error: Unicode character ·ª∏ (U+1EF8)
(inputenc)                not set up for use with LaTeX.

See the inputenc package documentation for explanation.
Type  H <return>  for immediate help.
 ...                                              
                                                  
l.22 {\large\bfseries NGUY·ªÑN M·ª∏
                                    H·∫∞NG - 1711215}
You may provide a definition with
\DeclareUnicodeCharacter 


! Package inputenc Error: Unicode character ·∫∞ (U+1EB0)
(inputenc)                not set up for use with LaTeX.

See the inputenc package documentation for explanation.
Type  H <return>  for immediate help.
 ...                                              
                                                  
l.22 {\large\bfseries NGUY·ªÑN M·ª∏ H·∫∞
                                        NG - 1711215}
You may provide a definition with
\DeclareUnicodeCharacter 


Overfull \hbox (44.58308pt too wide) in paragraph at lines 22--23
 []\OT1/cmr/bx/n/10 NGUYN 
 []


Overfull \hbox (10.91661pt too wide) in paragraph at lines 22--23
 \OT1/cmr/bx/n/10 M 
 []


Overfull \hbox (27.04152pt too wide) in paragraph at lines 22--23
 \OT1/cmr/bx/n/10 HNG 
 []


Overfull \hbox (3.83331pt too wide) in paragraph at lines 22--23
 \OT1/cmr/bx/n/10 - 
 []


Overfull \hbox (40.24979pt too wide) in paragraph at lines 22--23
 \OT1/cmr/bx/n/10 1711215 
 []

! Undefined control sequence.
l.23 \\{\large
              \bfseries NGUY·ªÑN CAO HO√ÄNG NAM - }
The control sequence at the end of the top line
of your error message was never \def'ed. If you have
misspelled it (e.g., `\hobx'), type `I' and the correct
spelling (e.g., `I\hbox'). Otherwise just continue,
and I'll forget about whatever was undefined.


! LaTeX Error: Missing \begin{document}.

See the LaTeX manual or LaTeX Companion for explanation.
Type  H <return>  for immediate help.
 ...                                              
                                                  
l.23 \\{\large\bfseries N
                         GUY·ªÑN CAO HO√ÄNG NAM - }
You're in trouble here.  Try typing  <return>  to proceed.
If that doesn't work, type  X <return>  to quit.


! Package inputenc Error: Unicode character ·ªÑ (U+1EC4)
(inputenc)                not set up for use with LaTeX.

See the inputenc package documentation for explanation.
Type  H <return>  for immediate help.
 ...                                              
                                                  
l.23 \\{\large\bfseries NGUY·ªÑ
                               N CAO HO√ÄNG NAM - }
You may provide a definition with
\DeclareUnicodeCharacter 


Overfull \hbox (44.58308pt too wide) in paragraph at lines 23--24
 []\OT1/cmr/bx/n/10 NGUYN 
 []


Overfull \hbox (25.3193pt too wide) in paragraph at lines 23--24
 \OT1/cmr/bx/n/10 CAO 
 []


Overfull \hbox (44.37476pt too wide) in paragraph at lines 23--24
 \OT1/cmr/bx/n/10 HO[]ANG 
 []


Overfull \hbox (28.61096pt too wide) in paragraph at lines 23--24
 \OT1/cmr/bx/n/10 NAM 
 []


Overfull \hbox (3.83331pt too wide) in paragraph at lines 23--24
 \OT1/cmr/bx/n/10 - 
 []

! Undefined control sequence.
l.27 {\large
             GI·∫¢NG VI√äN H∆Ø·ªöNG D·∫™N:\\}
The control sequence at the end of the top line
of your error message was never \def'ed. If you have
misspelled it (e.g., `\hobx'), type `I' and the correct
spelling (e.g., `I\hbox'). Otherwise just continue,
and I'll forget about whatever was undefined.


! LaTeX Error: Missing \begin{document}.

See the LaTeX manual or LaTeX Companion for explanation.
Type  H <return>  for immediate help.
 ...                                              
                                                  
l.27 {\large G
              I·∫¢NG VI√äN H∆Ø·ªöNG D·∫™N:\\}
You're in trouble here.  Try typing  <return>  to proceed.
If that doesn't work, type  X <return>  to quit.

Missing character: There is no G in font nullfont!
Missing character: There is no I in font nullfont!

! Package inputenc Error: Unicode character ·∫¢ (U+1EA2)
(inputenc)                not set up for use with LaTeX.

See the inputenc package documentation for explanation.
Type  H <return>  for immediate help.
 ...                                              
                                                  
l.27 {\large GI·∫¢
                  NG VI√äN H∆Ø·ªöNG D·∫™N:\\}
You may provide a definition with
\DeclareUnicodeCharacter 

Missing character: There is no N in font nullfont!
Missing character: There is no G in font nullfont!
Missing character: There is no V in font nullfont!
Missing character: There is no I in font nullfont!
Missing character: There is no N in font nullfont!
Missing character: There is no H in font nullfont!

! Package inputenc Error: Unicode character ∆Ø (U+01AF)
(inputenc)                not set up for use with LaTeX.

See the inputenc package documentation for explanation.
Type  H <return>  for immediate help.
 ...                                              
                                                  
l.27 {\large GI·∫¢NG VI√äN H∆Ø
                              ·ªöNG D·∫™N:\\}
You may provide a definition with
\DeclareUnicodeCharacter 


! Package inputenc Error: Unicode character ·ªö (U+1EDA)
(inputenc)                not set up for use with LaTeX.

See the inputenc package documentation for explanation.
Type  H <return>  for immediate help.
 ...                                              
                                                  
l.27 {\large GI·∫¢NG VI√äN H∆Ø·ªö
                                 NG D·∫™N:\\}
You may provide a definition with
\DeclareUnicodeCharacter 

Missing character: There is no N in font nullfont!
Missing character: There is no G in font nullfont!
Missing character: There is no D in font nullfont!

! Package inputenc Error: Unicode character ·∫™ (U+1EAA)
(inputenc)                not set up for use with LaTeX.

See the inputenc package documentation for explanation.
Type  H <return>  for immediate help.
 ...                                              
                                                  
l.27 {\large GI·∫¢NG VI√äN H∆Ø·ªöNG D·∫™
                                        N:\\}
You may provide a definition with
\DeclareUnicodeCharacter 

Missing character: There is no N in font nullfont!
Missing character: There is no : in font nullfont!

Overfull \hbox (6.80557pt too wide) in paragraph at lines 27--27
 []\/cmr/m/n/10 E 
 []

! Undefined control sequence.
l.28 {\large
            \bfseries PGS. TS. H√Ä HO√ÄNG KHA}
The control sequence at the end of the top line
of your error message was never \def'ed. If you have
misspelled it (e.g., `\hobx'), type `I' and the correct
spelling (e.g., `I\hbox'). Otherwise just continue,
and I'll forget about whatever was undefined.


! LaTeX Error: Missing \begin{document}.

See the LaTeX manual or LaTeX Companion for explanation.
Type  H <return>  for immediate help.
 ...                                              
                                                  
l.28 {\large\bfseries P
                       GS. TS. H√Ä HO√ÄNG KHA}
You're in trouble here.  Try typing  <return>  to proceed.
If that doesn't work, type  X <return>  to quit.


Overfull \hbox (26.48596pt too wide) in paragraph at lines 28--29
 []\OT1/cmr/bx/n/10 PGS. 
 []


Overfull \hbox (17.58324pt too wide) in paragraph at lines 28--29
 \OT1/cmr/bx/n/10 TS. 
 []


Overfull \hbox (17.69435pt too wide) in paragraph at lines 28--29
 \OT1/cmr/bx/n/10 H[]A 
 []


Overfull \hbox (44.37476pt too wide) in paragraph at lines 28--29
 \OT1/cmr/bx/n/10 HO[]ANG 
 []


Overfull \hbox (26.70819pt too wide) in paragraph at lines 28--29
 \OT1/cmr/bx/n/10 KHA 
 []


! LaTeX Error: Missing \begin{document}.

See the LaTeX manual or LaTeX Companion for explanation.
Type  H <return>  for immediate help.
 ...                                              
                                                  
l.32 {\itshape T
                h√†nh ph·ªë H·ªì Ch√≠ Minh, th√°ng 6 nƒÉm 2020}
You're in trouble here.  Try typing  <return>  to proceed.
If that doesn't work, type  X <return>  to quit.


! Package inputenc Error: Unicode character ·ªë (U+1ED1)
(inputenc)                not set up for use with LaTeX.

See the inputenc package documentation for explanation.
Type  H <return>  for immediate help.
 ...                                              
                                                  
l.32 {\itshape Th√†nh ph·ªë
                            H·ªì Ch√≠ Minh, th√°ng 6 nƒÉm 2020}
You may provide a definition with
\DeclareUnicodeCharacter 


! Package inputenc Error: Unicode character ·ªì (U+1ED3)
(inputenc)                not set up for use with LaTeX.

See the inputenc package documentation for explanation.
Type  H <return>  for immediate help.
 ...                                              
                                                  
l.32 {\itshape Th√†nh ph·ªë H·ªì
                                 Ch√≠ Minh, th√°ng 6 nƒÉm 2020}
You may provide a definition with
\DeclareUnicodeCharacter 


! LaTeX Error: \begin{document} ended by \end{titlepage}.

See the LaTeX manual or LaTeX Companion for explanation.
Type  H <return>  for immediate help.
 ...                                              
                                                  
l.33 \end{titlepage}
                    
Your command was ignored.
Type  I <command> <return>  to replace it with another command,
or  <return>  to continue without it.

)
! Emergency stop.
<*> firstpage.tex
                 
*** (job aborted, no legal \end found)

 
Here is how much of TeX's memory you used:
 73 strings out of 480608
 837 string characters out of 5907536
 240604 words of memory out of 5000000
 16063 multiletter control sequences out of 15000+600000
 532992 words of font info for 26 fonts, out of 8000000 for 9000
 1141 hyphenation exceptions out of 8191
 20i,2n,16p,113b,108s stack positions out of 5000i,500n,10000p,200000b,80000s
!  ==> Fatal error occurred, no output PDF file produced!
